TN:
SF:src/app/app.component.html
FN:1,Object.<anonymous>
FNF:1
FNH:1
FNDA:1,Object.<anonymous>
DA:1,1
LF:1
LH:1
BRDA:1,0,0,1
BRDA:1,1,0,1
BRF:2
BRH:2
end_of_record
TN:
SF:src/app/app.component.ts
FN:15,AppComponent
FN:17,ngOnInit
FNF:2
FNH:2
FNDA:5,AppComponent
FNDA:1,ngOnInit
DA:1,1
DA:2,1
DA:3,1
DA:4,1
DA:5,1
DA:6,1
DA:7,1
DA:8,1
DA:9,1
DA:10,1
DA:11,1
DA:12,1
DA:13,1
DA:14,1
DA:15,1
DA:16,1
DA:17,1
DA:18,1
DA:19,1
DA:20,1
LF:20
LH:20
BRDA:15,0,0,5
BRDA:17,1,0,1
BRF:2
BRH:2
end_of_record
TN:
SF:src/app/authentication/component/authentication.component.html
FN:1,Object.<anonymous>
FNF:1
FNH:1
FNDA:1,Object.<anonymous>
DA:1,1
DA:2,1
DA:3,1
DA:4,1
DA:5,1
DA:6,1
DA:7,1
DA:8,1
DA:9,1
DA:10,1
DA:11,1
DA:12,1
DA:13,1
DA:14,1
DA:15,1
DA:16,1
DA:17,1
DA:18,1
DA:19,1
DA:20,1
DA:21,1
DA:22,1
DA:23,1
DA:24,1
DA:25,1
DA:26,1
DA:27,1
LF:27
LH:27
BRDA:1,0,0,1
BRDA:1,1,0,1
BRF:2
BRH:2
end_of_record
TN:
SF:src/app/authentication/component/authentication.component.ts
FN:15,AuthenticationComponent
FNF:1
FNH:1
FNDA:1,AuthenticationComponent
DA:1,1
DA:2,1
DA:3,1
DA:4,1
DA:5,1
DA:6,1
DA:7,1
DA:8,1
DA:9,1
DA:10,1
DA:11,1
DA:12,1
DA:13,1
DA:14,1
DA:15,1
DA:16,1
DA:17,1
DA:18,1
DA:19,1
DA:20,1
DA:21,1
DA:22,1
DA:23,1
DA:24,1
DA:25,1
DA:26,1
LF:26
LH:26
BRDA:15,0,0,1
BRF:1
BRH:1
end_of_record
TN:
SF:src/app/core/theme/theme.service.ts
FN:8,ThemeService
FN:11,initiateTheme
FN:20,updateCurrentMode
FN:27,get localStorageThemeMode
FN:31,set localStorageThemeMode
FN:39,toggleMode
FNF:6
FNH:6
FNDA:7,ThemeService
FNDA:3,initiateTheme
FNDA:5,updateCurrentMode
FNDA:3,get localStorageThemeMode
FNDA:1,set localStorageThemeMode
FNDA:1,toggleMode
DA:1,1
DA:2,1
DA:3,1
DA:4,1
DA:5,1
DA:6,1
DA:7,1
DA:8,1
DA:9,7
DA:10,7
DA:11,7
DA:12,3
DA:13,3
DA:14,3
DA:15,2
DA:16,2
DA:17,3
DA:18,3
DA:19,7
DA:20,7
DA:21,5
DA:22,5
DA:23,5
DA:24,5
DA:25,5
DA:26,7
DA:27,7
DA:28,3
DA:29,3
DA:30,7
DA:31,7
DA:32,1
DA:33,1
DA:34,7
DA:35,7
DA:36,7
DA:37,7
DA:38,7
DA:39,7
DA:40,1
DA:41,1
DA:42,7
LF:42
LH:42
BRDA:8,0,0,7
BRDA:11,1,0,3
BRDA:14,2,0,2
BRDA:15,3,0,1
BRDA:15,4,0,1
BRDA:20,5,0,5
BRDA:27,6,0,3
BRDA:28,7,0,2
BRDA:31,8,0,1
BRDA:39,9,0,1
BRF:10
BRH:10
end_of_record
TN:
SF:src/app/core/validation/validation.service.ts
FN:8,required
FNF:1
FNH:1
FNDA:6,required
DA:1,1
DA:2,1
DA:3,1
DA:4,1
DA:5,1
DA:6,1
DA:7,1
DA:8,1
DA:9,6
DA:10,6
DA:11,6
DA:12,0
DA:13,0
DA:14,1
LF:14
LH:12
BRDA:8,0,0,6
BRDA:9,1,0,0
BRDA:12,2,0,0
BRF:3
BRH:1
end_of_record
TN:
SF:src/app/features/dashboard/dashboard.component.html
FN:1,Object.<anonymous>
FNF:1
FNH:1
FNDA:1,Object.<anonymous>
DA:1,1
LF:1
LH:1
BRDA:1,0,0,1
BRDA:1,1,0,1
BRF:2
BRH:2
end_of_record
TN:
SF:src/app/features/dashboard/dashboard.component.ts
FNF:0
FNH:0
DA:1,1
DA:2,1
DA:3,1
DA:4,1
DA:5,1
DA:6,1
DA:7,1
DA:8,1
DA:9,1
DA:10,1
LF:10
LH:10
BRF:0
BRH:0
end_of_record
TN:
SF:src/app/shared/common-button/common-button.component.html
FN:1,Object.<anonymous>
FNF:1
FNH:1
FNDA:2,Object.<anonymous>
DA:1,2
DA:2,2
DA:3,2
DA:4,2
DA:5,2
DA:6,2
DA:7,2
DA:8,2
LF:8
LH:8
BRDA:1,0,0,2
BRDA:1,1,0,2
BRF:2
BRH:2
end_of_record
TN:
SF:src/app/shared/common-button/common-button.component.ts
FN:10,CommonButtonComponent
FN:14,onButtonClick
FNF:2
FNH:2
FNDA:3,CommonButtonComponent
FNDA:1,onButtonClick
DA:1,1
DA:2,1
DA:3,1
DA:4,1
DA:5,1
DA:6,1
DA:7,1
DA:8,1
DA:9,1
DA:10,1
DA:11,3
DA:12,3
DA:13,3
DA:14,3
DA:15,1
DA:16,1
DA:17,3
LF:17
LH:17
BRDA:10,0,0,3
BRDA:14,1,0,1
BRF:2
BRH:2
end_of_record
TN:
SF:src/app/shared/common-input/common-input.component.html
FN:1,Object.<anonymous>
FNF:1
FNH:1
FNDA:2,Object.<anonymous>
DA:1,2
DA:2,2
DA:3,2
DA:4,2
DA:5,2
DA:6,2
DA:7,2
DA:8,2
DA:9,2
DA:10,2
DA:11,2
DA:12,2
DA:13,2
DA:14,2
DA:15,2
DA:16,2
DA:17,2
DA:18,2
DA:19,2
DA:20,2
DA:21,2
DA:22,2
DA:23,2
DA:24,2
DA:25,2
DA:26,2
DA:27,2
DA:28,2
DA:29,2
DA:30,2
DA:31,2
DA:32,2
DA:33,2
DA:34,2
DA:35,2
DA:36,2
DA:37,2
DA:38,2
DA:39,2
DA:40,2
DA:41,2
DA:42,2
LF:42
LH:42
BRDA:1,0,0,2
BRDA:1,1,0,2
BRF:2
BRH:2
end_of_record
TN:
SF:src/app/shared/common-input/common-input.component.ts
FN:58,CommonInputComponent
FN:56,CommonInputComponent.onTouched
FN:60,ngOnInit
FN:64,writeValue
FN:68,registerOnChange
FN:72,registerOnTouched
FN:76,triggerPasswordVisibility
FN:89,onFocus
FN:97,onFocusOut
FN:105,onInput
FNF:10
FNH:10
FNDA:13,CommonInputComponent
FNDA:1,CommonInputComponent.onTouched
FNDA:14,ngOnInit
FNDA:3,writeValue
FNDA:5,registerOnChange
FNDA:6,registerOnTouched
FNDA:2,triggerPasswordVisibility
FNDA:1,onFocus
FNDA:1,onFocusOut
FNDA:1,onInput
DA:1,1
DA:2,1
DA:3,1
DA:4,1
DA:5,1
DA:6,1
DA:7,1
DA:8,1
DA:9,1
DA:10,1
DA:11,1
DA:12,1
DA:13,1
DA:14,1
DA:15,1
DA:16,1
DA:17,1
DA:18,1
DA:19,1
DA:20,1
DA:21,1
DA:22,1
DA:23,1
DA:24,1
DA:25,1
DA:26,1
DA:27,1
DA:28,1
DA:29,1
DA:30,1
DA:31,1
DA:32,1
DA:33,1
DA:34,1
DA:35,1
DA:36,1
DA:37,1
DA:38,1
DA:39,1
DA:40,1
DA:41,1
DA:42,1
DA:43,1
DA:44,1
DA:45,1
DA:46,1
DA:47,1
DA:48,1
DA:49,1
DA:50,1
DA:51,1
DA:52,1
DA:53,1
DA:54,1
DA:55,1
DA:56,1
DA:57,1
DA:58,1
DA:59,1
DA:60,1
DA:61,14
DA:62,14
DA:63,1
DA:64,1
DA:65,3
DA:66,3
DA:67,1
DA:68,1
DA:69,5
DA:70,5
DA:71,1
DA:72,1
DA:73,6
DA:74,6
DA:75,1
DA:76,1
DA:77,2
DA:78,2
DA:79,1
DA:80,1
DA:81,1
DA:82,1
DA:83,2
DA:84,1
DA:85,1
DA:86,1
DA:87,1
DA:88,1
DA:89,1
DA:90,1
DA:91,1
DA:92,1
DA:93,1
DA:94,1
DA:95,1
DA:96,1
DA:97,1
DA:98,1
DA:99,1
DA:100,1
DA:101,1
DA:102,1
DA:103,1
DA:104,1
DA:105,1
DA:106,1
DA:107,1
DA:108,1
LF:108
LH:108
BRDA:58,0,0,13
BRDA:56,1,0,1
BRDA:60,2,0,14
BRDA:64,3,0,3
BRDA:68,4,0,5
BRDA:72,5,0,6
BRDA:76,6,0,2
BRDA:78,7,0,1
BRDA:89,8,0,1
BRDA:97,9,0,1
BRDA:105,10,0,1
BRDA:30,11,0,2
BRF:12
BRH:12
end_of_record
TN:
SF:src/app/shared/layout/header/header.component.html
FN:1,Object.<anonymous>
FNF:1
FNH:1
FNDA:2,Object.<anonymous>
DA:1,2
DA:2,2
DA:3,2
LF:3
LH:3
BRDA:1,0,0,2
BRDA:1,1,0,2
BRF:2
BRH:2
end_of_record
TN:
SF:src/app/shared/layout/header/header.component.ts
FNF:0
FNH:0
DA:1,1
DA:2,1
DA:3,1
DA:4,1
DA:5,1
DA:6,1
DA:7,1
DA:8,1
DA:9,1
DA:10,1
LF:10
LH:10
BRF:0
BRH:0
end_of_record
TN:
SF:src/app/shared/layout/layout-structure/layout-structure.component.html
FN:1,Object.<anonymous>
FNF:1
FNH:1
FNDA:1,Object.<anonymous>
DA:1,1
DA:2,1
DA:3,1
DA:4,1
DA:5,1
DA:6,1
DA:7,1
LF:7
LH:7
BRDA:1,0,0,1
BRDA:1,1,0,1
BRF:2
BRH:2
end_of_record
TN:
SF:src/app/shared/layout/layout-structure/layout-structure.component.ts
FNF:0
FNH:0
DA:1,1
DA:2,1
DA:3,1
DA:4,1
DA:5,1
DA:6,1
DA:7,1
DA:8,1
DA:9,1
DA:10,1
DA:11,1
DA:12,1
DA:13,1
LF:13
LH:13
BRF:0
BRH:0
end_of_record
TN:
SF:src/app/shared/layout/sidebar/sidebar.component.html
FN:1,Object.<anonymous>
FNF:1
FNH:1
FNDA:2,Object.<anonymous>
DA:1,2
DA:2,2
DA:3,2
LF:3
LH:3
BRDA:1,0,0,2
BRDA:1,1,0,2
BRF:2
BRH:2
end_of_record
TN:
SF:src/app/shared/layout/sidebar/sidebar.component.ts
FNF:0
FNH:0
DA:1,1
DA:2,1
DA:3,1
DA:4,1
DA:5,1
DA:6,1
DA:7,1
DA:8,1
DA:9,1
DA:10,1
LF:10
LH:10
BRF:0
BRH:0
end_of_record
